<?xml version="1.0" encoding="UTF-8"?>
<coverage generated="1657583857048" clover="3.2.0">
  <project timestamp="1657583857048" name="All files">
    <metrics statements="42" coveredstatements="25" conditionals="8" coveredconditionals="4" methods="17" coveredmethods="8" elements="67" coveredelements="37" complexity="0" loc="42" ncloc="42" packages="1" files="5" classes="5"/>
    <file name="ActionButton.vue" path="C:\Users\lavra.METTATON\OneDrive\Documents\Programming\rcv\ranked-choice-voting-app\src\components\ActionButton.vue">
      <metrics statements="5" coveredstatements="4" conditionals="0" coveredconditionals="0" methods="4" coveredmethods="3"/>
      <line num="7" count="2" type="stmt"/>
      <line num="18" count="0" type="stmt"/>
      <line num="29" count="4" type="stmt"/>
      <line num="35" count="4" type="stmt"/>
      <line num="42" count="1" type="stmt"/>
    </file>
    <file name="FlashySpotlight.vue" path="C:\Users\lavra.METTATON\OneDrive\Documents\Programming\rcv\ranked-choice-voting-app\src\components\FlashySpotlight.vue">
      <metrics statements="26" coveredstatements="14" conditionals="2" coveredconditionals="1" methods="10" coveredmethods="4"/>
      <line num="34" count="2" type="stmt"/>
      <line num="40" count="0" type="stmt"/>
      <line num="46" count="0" type="stmt"/>
      <line num="52" count="4" type="stmt"/>
      <line num="58" count="4" type="stmt"/>
      <line num="59" count="11" type="stmt"/>
      <line num="60" count="11" type="cond" truecount="1" falsecount="0"/>
      <line num="61" count="10" type="stmt"/>
      <line num="66" count="0" type="stmt"/>
      <line num="67" count="0" type="stmt"/>
      <line num="72" count="0" type="stmt"/>
      <line num="75" count="10" type="stmt"/>
      <line num="80" count="10" type="stmt"/>
      <line num="81" count="2" type="stmt"/>
      <line num="82" count="2" type="cond" truecount="0" falsecount="1"/>
      <line num="86" count="0" type="stmt"/>
      <line num="87" count="0" type="stmt"/>
      <line num="88" count="0" type="stmt"/>
      <line num="89" count="0" type="stmt"/>
      <line num="90" count="0" type="stmt"/>
      <line num="91" count="0" type="stmt"/>
      <line num="92" count="0" type="stmt"/>
      <line num="96" count="2" type="stmt"/>
      <line num="97" count="2" type="stmt"/>
      <line num="101" count="10" type="stmt"/>
      <line num="102" count="10" type="stmt"/>
    </file>
    <file name="ProfileImage.vue" path="C:\Users\lavra.METTATON\OneDrive\Documents\Programming\rcv\ranked-choice-voting-app\src\components\ProfileImage.vue">
      <metrics statements="1" coveredstatements="1" conditionals="0" coveredconditionals="0" methods="0" coveredmethods="0"/>
      <line num="5" count="2" type="stmt"/>
    </file>
    <file name="SortableSections.vue" path="C:\Users\lavra.METTATON\OneDrive\Documents\Programming\rcv\ranked-choice-voting-app\src\components\SortableSections.vue">
      <metrics statements="2" coveredstatements="1" conditionals="0" coveredconditionals="0" methods="1" coveredmethods="0"/>
      <line num="21" count="1" type="stmt"/>
      <line num="27" count="0" type="stmt"/>
    </file>
    <file name="SubNav.vue" path="C:\Users\lavra.METTATON\OneDrive\Documents\Programming\rcv\ranked-choice-voting-app\src\components\SubNav.vue">
      <metrics statements="8" coveredstatements="5" conditionals="6" coveredconditionals="3" methods="2" coveredmethods="1"/>
      <line num="20" count="3" type="stmt"/>
      <line num="27" count="0" type="stmt"/>
      <line num="30" count="3" type="cond" truecount="0" falsecount="1"/>
      <line num="31" count="0" type="stmt"/>
      <line num="33" count="3" type="stmt"/>
      <line num="34" count="2" type="cond" truecount="3" falsecount="2"/>
      <line num="35" count="0" type="stmt"/>
      <line num="38" count="3" type="stmt"/>
    </file>
  </project>
</coverage>
