<?xml version="1.0" encoding="UTF-8"?>
<coverage generated="1658252813401" clover="3.2.0">
  <project timestamp="1658252813401" name="All files">
    <metrics statements="57" coveredstatements="33" conditionals="10" coveredconditionals="6" methods="29" coveredmethods="12" elements="96" coveredelements="51" complexity="0" loc="57" ncloc="57" packages="4" files="7" classes="7"/>
    <package name="components.electionSearch">
      <metrics statements="2" coveredstatements="2" conditionals="2" coveredconditionals="2" methods="1" coveredmethods="1"/>
      <file name="ElectionHighlight.vue" path="C:\Users\lavra.METTATON\OneDrive\Documents\Programming\rcv\ranked-choice-voting-app\src\components\electionSearch\ElectionHighlight.vue">
        <metrics statements="2" coveredstatements="2" conditionals="2" coveredconditionals="2" methods="1" coveredmethods="1"/>
        <line num="27" count="1" type="stmt"/>
        <line num="37" count="4" type="cond" truecount="2" falsecount="0"/>
      </file>
    </package>
    <package name="components.section">
      <metrics statements="28" coveredstatements="18" conditionals="2" coveredconditionals="1" methods="11" coveredmethods="6"/>
      <file name="FlashySpotlight.vue" path="C:\Users\lavra.METTATON\OneDrive\Documents\Programming\rcv\ranked-choice-voting-app\src\components\section\FlashySpotlight.vue">
        <metrics statements="26" coveredstatements="17" conditionals="2" coveredconditionals="1" methods="10" coveredmethods="6"/>
        <line num="39" count="2" type="stmt"/>
        <line num="45" count="0" type="stmt"/>
        <line num="51" count="1" type="stmt"/>
        <line num="62" count="13" type="stmt"/>
        <line num="68" count="13" type="stmt"/>
        <line num="69" count="26" type="stmt"/>
        <line num="70" count="26" type="cond" truecount="1" falsecount="0"/>
        <line num="71" count="18" type="stmt"/>
        <line num="76" count="5" type="stmt"/>
        <line num="77" count="6" type="stmt"/>
        <line num="82" count="0" type="stmt"/>
        <line num="85" count="18" type="stmt"/>
        <line num="90" count="18" type="stmt"/>
        <line num="91" count="4" type="stmt"/>
        <line num="92" count="4" type="cond" truecount="0" falsecount="1"/>
        <line num="96" count="0" type="stmt"/>
        <line num="97" count="0" type="stmt"/>
        <line num="98" count="0" type="stmt"/>
        <line num="99" count="0" type="stmt"/>
        <line num="100" count="0" type="stmt"/>
        <line num="101" count="0" type="stmt"/>
        <line num="102" count="0" type="stmt"/>
        <line num="106" count="4" type="stmt"/>
        <line num="107" count="4" type="stmt"/>
        <line num="111" count="18" type="stmt"/>
        <line num="112" count="18" type="stmt"/>
      </file>
      <file name="SortableSections.vue" path="C:\Users\lavra.METTATON\OneDrive\Documents\Programming\rcv\ranked-choice-voting-app\src\components\section\SortableSections.vue">
        <metrics statements="2" coveredstatements="1" conditionals="0" coveredconditionals="0" methods="1" coveredmethods="0"/>
        <line num="21" count="1" type="stmt"/>
        <line num="27" count="0" type="stmt"/>
      </file>
    </package>
    <package name="components.ui">
      <metrics statements="14" coveredstatements="10" conditionals="6" coveredconditionals="3" methods="6" coveredmethods="4"/>
      <file name="ActionButton.vue" path="C:\Users\lavra.METTATON\OneDrive\Documents\Programming\rcv\ranked-choice-voting-app\src\components\ui\ActionButton.vue">
        <metrics statements="5" coveredstatements="4" conditionals="0" coveredconditionals="0" methods="4" coveredmethods="3"/>
        <line num="7" count="3" type="stmt"/>
        <line num="18" count="0" type="stmt"/>
        <line num="29" count="10" type="stmt"/>
        <line num="35" count="10" type="stmt"/>
        <line num="42" count="6" type="stmt"/>
      </file>
      <file name="ProfileImage.vue" path="C:\Users\lavra.METTATON\OneDrive\Documents\Programming\rcv\ranked-choice-voting-app\src\components\ui\ProfileImage.vue">
        <metrics statements="1" coveredstatements="1" conditionals="0" coveredconditionals="0" methods="0" coveredmethods="0"/>
        <line num="5" count="2" type="stmt"/>
      </file>
      <file name="SubNav.vue" path="C:\Users\lavra.METTATON\OneDrive\Documents\Programming\rcv\ranked-choice-voting-app\src\components\ui\SubNav.vue">
        <metrics statements="8" coveredstatements="5" conditionals="6" coveredconditionals="3" methods="2" coveredmethods="1"/>
        <line num="22" count="3" type="stmt"/>
        <line num="29" count="0" type="stmt"/>
        <line num="32" count="6" type="cond" truecount="0" falsecount="1"/>
        <line num="33" count="0" type="stmt"/>
        <line num="35" count="6" type="stmt"/>
        <line num="36" count="2" type="cond" truecount="3" falsecount="2"/>
        <line num="37" count="0" type="stmt"/>
        <line num="40" count="6" type="stmt"/>
      </file>
    </package>
    <package name="router">
      <metrics statements="13" coveredstatements="3" conditionals="0" coveredconditionals="0" methods="11" coveredmethods="1"/>
      <file name="index.js" path="C:\Users\lavra.METTATON\OneDrive\Documents\Programming\rcv\ranked-choice-voting-app\src\router\index.js">
        <metrics statements="13" coveredstatements="3" conditionals="0" coveredconditionals="0" methods="11" coveredmethods="1"/>
        <line num="3" count="1" type="stmt"/>
        <line num="7" count="1" type="stmt"/>
        <line num="16" count="0" type="stmt"/>
        <line num="22" count="0" type="stmt"/>
        <line num="28" count="0" type="stmt"/>
        <line num="34" count="0" type="stmt"/>
        <line num="42" count="0" type="stmt"/>
        <line num="50" count="0" type="stmt"/>
        <line num="58" count="0" type="stmt"/>
        <line num="66" count="0" type="stmt"/>
        <line num="74" count="0" type="stmt"/>
        <line num="82" count="0" type="stmt"/>
        <line num="88" count="1" type="stmt"/>
      </file>
    </package>
  </project>
</coverage>
