{"C:\\Users\\lavra.METTATON\\OneDrive\\Documents\\Programming\\rcv\\ranked-choice-voting-app\\src\\components\\electionSearch\\ElectionHighlight.vue": {"path":"C:\\Users\\lavra.METTATON\\OneDrive\\Documents\\Programming\\rcv\\ranked-choice-voting-app\\src\\components\\electionSearch\\ElectionHighlight.vue","statementMap":{"0":{"start":{"line":27,"column":15},"end":{"line":27,"column":null}},"1":{"start":{"line":37,"column":6},"end":{"line":37,"column":14}}},"fnMap":{"0":{"name":"(anonymous_0)","decl":{"start":{"line":36,"column":4},"end":{"line":36,"column":15}},"loc":{"start":{"line":36,"column":18},"end":{"line":38,"column":null}}}},"branchMap":{"0":{"loc":{"start":{"line":37,"column":27},"end":{"line":37,"column":51}},"type":"binary-expr","locations":[{"start":{"line":37,"column":27},"end":{"line":37,"column":48}},{"start":{"line":37,"column":48},"end":{"line":37,"column":51}}]}},"s":{"0":1,"1":4},"f":{"0":4},"b":{"0":[4,3]}}
,"C:\\Users\\lavra.METTATON\\OneDrive\\Documents\\Programming\\rcv\\ranked-choice-voting-app\\src\\components\\section\\FlashySpotlight.vue": {"path":"C:\\Users\\lavra.METTATON\\OneDrive\\Documents\\Programming\\rcv\\ranked-choice-voting-app\\src\\components\\section\\FlashySpotlight.vue","statementMap":{"0":{"start":{"line":39,"column":15},"end":{"line":39,"column":null}},"1":{"start":{"line":45,"column":8},"end":{"line":45,"column":15}},"2":{"start":{"line":51,"column":8},"end":{"line":51,"column":15}},"3":{"start":{"line":62,"column":4},"end":{"line":62,"column":11}},"4":{"start":{"line":68,"column":4},"end":{"line":73,"column":null}},"5":{"start":{"line":68,"column":17},"end":{"line":68,"column":20}},"6":{"start":{"line":69,"column":19},"end":{"line":69,"column":24}},"7":{"start":{"line":70,"column":6},"end":{"line":72,"column":null}},"8":{"start":{"line":71,"column":8},"end":{"line":71,"column":13}},"9":{"start":{"line":76,"column":4},"end":{"line":78,"column":null}},"10":{"start":{"line":77,"column":6},"end":{"line":77,"column":19}},"11":{"start":{"line":82,"column":6},"end":{"line":82,"column":11}},"12":{"start":{"line":85,"column":30},"end":{"line":85,"column":null}},"13":{"start":{"line":90,"column":23},"end":{"line":90,"column":35}},"14":{"start":{"line":91,"column":27},"end":{"line":91,"column":35}},"15":{"start":{"line":92,"column":8},"end":{"line":105,"column":null}},"16":{"start":{"line":96,"column":10},"end":{"line":96,"column":20}},"17":{"start":{"line":97,"column":37},"end":{"line":97,"column":null}},"18":{"start":{"line":98,"column":12},"end":{"line":98,"column":22}},"19":{"start":{"line":99,"column":12},"end":{"line":99,"column":27}},"20":{"start":{"line":100,"column":12},"end":{"line":100,"column":22}},"21":{"start":{"line":101,"column":12},"end":{"line":101,"column":22}},"22":{"start":{"line":102,"column":14},"end":{"line":102,"column":24}},"23":{"start":{"line":106,"column":8},"end":{"line":106,"column":23}},"24":{"start":{"line":107,"column":8},"end":{"line":107,"column":18}},"25":{"start":{"line":111,"column":6},"end":{"line":111,"column":21}},"26":{"start":{"line":112,"column":6},"end":{"line":112,"column":11}}},"fnMap":{"0":{"name":"(anonymous_0)","decl":{"start":{"line":44,"column":6},"end":{"line":44,"column":13}},"loc":{"start":{"line":44,"column":16},"end":{"line":46,"column":null}}},"1":{"name":"(anonymous_1)","decl":{"start":{"line":50,"column":6},"end":{"line":50,"column":13}},"loc":{"start":{"line":50,"column":16},"end":{"line":52,"column":null}}},"2":{"name":"(anonymous_2)","decl":{"start":{"line":61,"column":2},"end":{"line":61,"column":6}},"loc":{"start":{"line":61,"column":9},"end":{"line":66,"column":null}}},"3":{"name":"(anonymous_3)","decl":{"start":{"line":67,"column":2},"end":{"line":67,"column":9}},"loc":{"start":{"line":67,"column":12},"end":{"line":74,"column":null}}},"4":{"name":"(anonymous_4)","decl":{"start":{"line":75,"column":2},"end":{"line":75,"column":15}},"loc":{"start":{"line":75,"column":18},"end":{"line":79,"column":null}}},"5":{"name":"(anonymous_5)","decl":{"start":{"line":81,"column":4},"end":{"line":81,"column":15}},"loc":{"start":{"line":81,"column":36},"end":{"line":83,"column":null}}},"6":{"name":"(anonymous_6)","decl":{"start":{"line":84,"column":4},"end":{"line":84,"column":21}},"loc":{"start":{"line":84,"column":32},"end":{"line":113,"column":null}}},"7":{"name":"(anonymous_7)","decl":{"start":{"line":90,"column":35},"end":{"line":90,"column":41}},"loc":{"start":{"line":90,"column":41},"end":{"line":110,"column":9}}},"8":{"name":"(anonymous_8)","decl":{"start":{"line":96,"column":21},"end":{"line":96,"column":27}},"loc":{"start":{"line":96,"column":27},"end":{"line":104,"column":13}}},"9":{"name":"(anonymous_9)","decl":{"start":{"line":101,"column":23},"end":{"line":101,"column":29}},"loc":{"start":{"line":101,"column":29},"end":{"line":103,"column":15}}}},"branchMap":{"0":{"loc":{"start":{"line":70,"column":6},"end":{"line":72,"column":null}},"type":"if","locations":[{"start":{"line":70,"column":6},"end":{"line":72,"column":null}}]},"1":{"loc":{"start":{"line":92,"column":8},"end":{"line":105,"column":null}},"type":"if","locations":[{"start":{"line":92,"column":8},"end":{"line":105,"column":null}}]}},"s":{"0":2,"1":0,"2":1,"3":13,"4":13,"5":13,"6":26,"7":26,"8":18,"9":5,"10":6,"11":0,"12":18,"13":18,"14":4,"15":4,"16":0,"17":0,"18":0,"19":0,"20":0,"21":0,"22":0,"23":4,"24":4,"25":18,"26":18},"f":{"0":0,"1":1,"2":13,"3":13,"4":5,"5":0,"6":18,"7":4,"8":0,"9":0},"b":{"0":[18],"1":[0]}}
,"C:\\Users\\lavra.METTATON\\OneDrive\\Documents\\Programming\\rcv\\ranked-choice-voting-app\\src\\components\\section\\SortableSections.vue": {"path":"C:\\Users\\lavra.METTATON\\OneDrive\\Documents\\Programming\\rcv\\ranked-choice-voting-app\\src\\components\\section\\SortableSections.vue","statementMap":{"0":{"start":{"line":21,"column":15},"end":{"line":21,"column":null}},"1":{"start":{"line":27,"column":8},"end":{"line":27,"column":15}}},"fnMap":{"0":{"name":"(anonymous_0)","decl":{"start":{"line":26,"column":6},"end":{"line":26,"column":13}},"loc":{"start":{"line":26,"column":16},"end":{"line":28,"column":null}}}},"branchMap":{},"s":{"0":1,"1":0},"f":{"0":0},"b":{}}
,"C:\\Users\\lavra.METTATON\\OneDrive\\Documents\\Programming\\rcv\\ranked-choice-voting-app\\src\\components\\ui\\ActionButton.vue": {"path":"C:\\Users\\lavra.METTATON\\OneDrive\\Documents\\Programming\\rcv\\ranked-choice-voting-app\\src\\components\\ui\\ActionButton.vue","statementMap":{"0":{"start":{"line":7,"column":15},"end":{"line":7,"column":null}},"1":{"start":{"line":18,"column":8},"end":{"line":18,"column":15}},"2":{"start":{"line":29,"column":8},"end":{"line":29,"column":15}},"3":{"start":{"line":35,"column":6},"end":{"line":35,"column":13}},"4":{"start":{"line":42,"column":6},"end":{"line":42,"column":11}}},"fnMap":{"0":{"name":"(anonymous_0)","decl":{"start":{"line":17,"column":15},"end":{"line":17,"column":21}},"loc":{"start":{"line":17,"column":21},"end":{"line":19,"column":null}}},"1":{"name":"(anonymous_1)","decl":{"start":{"line":28,"column":6},"end":{"line":28,"column":15}},"loc":{"start":{"line":28,"column":23},"end":{"line":30,"column":null}}},"2":{"name":"(anonymous_2)","decl":{"start":{"line":34,"column":4},"end":{"line":34,"column":15}},"loc":{"start":{"line":34,"column":18},"end":{"line":38,"column":null}}},"3":{"name":"(anonymous_3)","decl":{"start":{"line":41,"column":4},"end":{"line":41,"column":15}},"loc":{"start":{"line":41,"column":18},"end":{"line":43,"column":null}}}},"branchMap":{},"s":{"0":3,"1":0,"2":10,"3":10,"4":6},"f":{"0":0,"1":10,"2":10,"3":6},"b":{}}
,"C:\\Users\\lavra.METTATON\\OneDrive\\Documents\\Programming\\rcv\\ranked-choice-voting-app\\src\\components\\ui\\ProfileImage.vue": {"path":"C:\\Users\\lavra.METTATON\\OneDrive\\Documents\\Programming\\rcv\\ranked-choice-voting-app\\src\\components\\ui\\ProfileImage.vue","statementMap":{"0":{"start":{"line":5,"column":15},"end":{"line":5,"column":null}}},"fnMap":{},"branchMap":{},"s":{"0":2},"f":{},"b":{}}
,"C:\\Users\\lavra.METTATON\\OneDrive\\Documents\\Programming\\rcv\\ranked-choice-voting-app\\src\\components\\ui\\SubNav.vue": {"path":"C:\\Users\\lavra.METTATON\\OneDrive\\Documents\\Programming\\rcv\\ranked-choice-voting-app\\src\\components\\ui\\SubNav.vue","statementMap":{"0":{"start":{"line":22,"column":15},"end":{"line":22,"column":null}},"1":{"start":{"line":29,"column":8},"end":{"line":29,"column":15}},"2":{"start":{"line":32,"column":8},"end":{"line":34,"column":null}},"3":{"start":{"line":33,"column":10},"end":{"line":33,"column":17}},"4":{"start":{"line":35,"column":8},"end":{"line":39,"column":null}},"5":{"start":{"line":36,"column":10},"end":{"line":38,"column":null}},"6":{"start":{"line":37,"column":12},"end":{"line":37,"column":19}},"7":{"start":{"line":40,"column":8},"end":{"line":40,"column":15}}},"fnMap":{"0":{"name":"(anonymous_0)","decl":{"start":{"line":28,"column":6},"end":{"line":28,"column":13}},"loc":{"start":{"line":28,"column":16},"end":{"line":30,"column":null}}},"1":{"name":"(anonymous_1)","decl":{"start":{"line":31,"column":6},"end":{"line":31,"column":15}},"loc":{"start":{"line":31,"column":23},"end":{"line":41,"column":null}}}},"branchMap":{"0":{"loc":{"start":{"line":32,"column":8},"end":{"line":34,"column":null}},"type":"if","locations":[{"start":{"line":32,"column":8},"end":{"line":34,"column":null}}]},"1":{"loc":{"start":{"line":36,"column":10},"end":{"line":38,"column":null}},"type":"if","locations":[{"start":{"line":36,"column":10},"end":{"line":38,"column":null}}]},"2":{"loc":{"start":{"line":36,"column":14},"end":{"line":36,"column":31}},"type":"binary-expr","locations":[{"start":{"line":36,"column":14},"end":{"line":36,"column":29}},{"start":{"line":36,"column":29},"end":{"line":36,"column":31}}]},"3":{"loc":{"start":{"line":36,"column":31},"end":{"line":36,"column":58}},"type":"binary-expr","locations":[{"start":{"line":36,"column":31},"end":{"line":36,"column":44}},{"start":{"line":36,"column":44},"end":{"line":36,"column":58}}]}},"s":{"0":3,"1":0,"2":6,"3":0,"4":6,"5":2,"6":0,"7":6},"f":{"0":0,"1":6},"b":{"0":[0],"1":[0],"2":[2,2],"3":[2,0]}}
,"C:\\Users\\lavra.METTATON\\OneDrive\\Documents\\Programming\\rcv\\ranked-choice-voting-app\\src\\router\\index.js": {"path":"C:\\Users\\lavra.METTATON\\OneDrive\\Documents\\Programming\\rcv\\ranked-choice-voting-app\\src\\router\\index.js","statementMap":{"0":{"start":{"line":3,"column":15},"end":{"line":86,"column":1}},"1":{"start":{"line":7,"column":21},"end":{"line":7,"column":51}},"2":{"start":{"line":16,"column":6},"end":{"line":16,"column":70}},"3":{"start":{"line":22,"column":6},"end":{"line":22,"column":67}},"4":{"start":{"line":28,"column":6},"end":{"line":28,"column":72}},"5":{"start":{"line":34,"column":6},"end":{"line":36,"column":7}},"6":{"start":{"line":42,"column":6},"end":{"line":44,"column":7}},"7":{"start":{"line":50,"column":6},"end":{"line":52,"column":7}},"8":{"start":{"line":58,"column":6},"end":{"line":60,"column":7}},"9":{"start":{"line":66,"column":6},"end":{"line":68,"column":7}},"10":{"start":{"line":74,"column":6},"end":{"line":76,"column":7}},"11":{"start":{"line":82,"column":6},"end":{"line":84,"column":7}},"12":{"start":{"line":88,"column":15},"end":{"line":91,"column":2}}},"fnMap":{"0":{"name":"(anonymous_0)","decl":{"start":{"line":7,"column":15},"end":{"line":7,"column":16}},"loc":{"start":{"line":7,"column":21},"end":{"line":7,"column":51}},"line":7},"1":{"name":"(anonymous_1)","decl":{"start":{"line":15,"column":15},"end":{"line":15,"column":16}},"loc":{"start":{"line":16,"column":6},"end":{"line":16,"column":70}},"line":16},"2":{"name":"(anonymous_2)","decl":{"start":{"line":21,"column":15},"end":{"line":21,"column":16}},"loc":{"start":{"line":22,"column":6},"end":{"line":22,"column":67}},"line":22},"3":{"name":"(anonymous_3)","decl":{"start":{"line":27,"column":15},"end":{"line":27,"column":16}},"loc":{"start":{"line":28,"column":6},"end":{"line":28,"column":72}},"line":28},"4":{"name":"(anonymous_4)","decl":{"start":{"line":33,"column":15},"end":{"line":33,"column":16}},"loc":{"start":{"line":34,"column":6},"end":{"line":36,"column":7}},"line":34},"5":{"name":"(anonymous_5)","decl":{"start":{"line":41,"column":15},"end":{"line":41,"column":16}},"loc":{"start":{"line":42,"column":6},"end":{"line":44,"column":7}},"line":42},"6":{"name":"(anonymous_6)","decl":{"start":{"line":49,"column":15},"end":{"line":49,"column":16}},"loc":{"start":{"line":50,"column":6},"end":{"line":52,"column":7}},"line":50},"7":{"name":"(anonymous_7)","decl":{"start":{"line":57,"column":15},"end":{"line":57,"column":16}},"loc":{"start":{"line":58,"column":6},"end":{"line":60,"column":7}},"line":58},"8":{"name":"(anonymous_8)","decl":{"start":{"line":65,"column":15},"end":{"line":65,"column":16}},"loc":{"start":{"line":66,"column":6},"end":{"line":68,"column":7}},"line":66},"9":{"name":"(anonymous_9)","decl":{"start":{"line":73,"column":15},"end":{"line":73,"column":16}},"loc":{"start":{"line":74,"column":6},"end":{"line":76,"column":7}},"line":74},"10":{"name":"(anonymous_10)","decl":{"start":{"line":81,"column":15},"end":{"line":81,"column":16}},"loc":{"start":{"line":82,"column":6},"end":{"line":84,"column":7}},"line":82}},"branchMap":{},"s":{"0":1,"1":1,"2":0,"3":0,"4":0,"5":0,"6":0,"7":0,"8":0,"9":0,"10":0,"11":0,"12":1},"f":{"0":1,"1":0,"2":0,"3":0,"4":0,"5":0,"6":0,"7":0,"8":0,"9":0,"10":0},"b":{},"_coverageSchema":"1a1c01bbd47fc00a2c39e90264f33305004495a9","hash":"4e79994f9d950bd69f94987fbf8d998950e6e8b8"}
}
