{"C:\\Users\\lavra.METTATON\\OneDrive\\Documents\\Programming\\rcv\\ranked-choice-voting-app\\src\\components\\ActionButton.vue": {"path":"C:\\Users\\lavra.METTATON\\OneDrive\\Documents\\Programming\\rcv\\ranked-choice-voting-app\\src\\components\\ActionButton.vue","statementMap":{"0":{"start":{"line":7,"column":15},"end":{"line":7,"column":null}},"1":{"start":{"line":18,"column":8},"end":{"line":18,"column":15}},"2":{"start":{"line":29,"column":8},"end":{"line":29,"column":15}},"3":{"start":{"line":35,"column":6},"end":{"line":35,"column":13}},"4":{"start":{"line":42,"column":6},"end":{"line":42,"column":11}}},"fnMap":{"0":{"name":"(anonymous_0)","decl":{"start":{"line":17,"column":15},"end":{"line":17,"column":21}},"loc":{"start":{"line":17,"column":21},"end":{"line":19,"column":null}}},"1":{"name":"(anonymous_1)","decl":{"start":{"line":28,"column":6},"end":{"line":28,"column":15}},"loc":{"start":{"line":28,"column":23},"end":{"line":30,"column":null}}},"2":{"name":"(anonymous_2)","decl":{"start":{"line":34,"column":4},"end":{"line":34,"column":15}},"loc":{"start":{"line":34,"column":18},"end":{"line":38,"column":null}}},"3":{"name":"(anonymous_3)","decl":{"start":{"line":41,"column":4},"end":{"line":41,"column":15}},"loc":{"start":{"line":41,"column":18},"end":{"line":43,"column":null}}}},"branchMap":{},"s":{"0":2,"1":0,"2":4,"3":4,"4":1},"f":{"0":0,"1":4,"2":4,"3":1},"b":{}}
,"C:\\Users\\lavra.METTATON\\OneDrive\\Documents\\Programming\\rcv\\ranked-choice-voting-app\\src\\components\\FlashySpotlight.vue": {"path":"C:\\Users\\lavra.METTATON\\OneDrive\\Documents\\Programming\\rcv\\ranked-choice-voting-app\\src\\components\\FlashySpotlight.vue","statementMap":{"0":{"start":{"line":34,"column":15},"end":{"line":34,"column":null}},"1":{"start":{"line":40,"column":8},"end":{"line":40,"column":15}},"2":{"start":{"line":46,"column":8},"end":{"line":46,"column":15}},"3":{"start":{"line":52,"column":4},"end":{"line":52,"column":11}},"4":{"start":{"line":58,"column":4},"end":{"line":63,"column":null}},"5":{"start":{"line":58,"column":17},"end":{"line":58,"column":20}},"6":{"start":{"line":59,"column":19},"end":{"line":59,"column":24}},"7":{"start":{"line":60,"column":6},"end":{"line":62,"column":null}},"8":{"start":{"line":61,"column":8},"end":{"line":61,"column":13}},"9":{"start":{"line":66,"column":4},"end":{"line":68,"column":null}},"10":{"start":{"line":67,"column":6},"end":{"line":67,"column":19}},"11":{"start":{"line":72,"column":6},"end":{"line":72,"column":11}},"12":{"start":{"line":75,"column":30},"end":{"line":75,"column":null}},"13":{"start":{"line":80,"column":23},"end":{"line":80,"column":35}},"14":{"start":{"line":81,"column":27},"end":{"line":81,"column":35}},"15":{"start":{"line":82,"column":8},"end":{"line":95,"column":null}},"16":{"start":{"line":86,"column":10},"end":{"line":86,"column":20}},"17":{"start":{"line":87,"column":37},"end":{"line":87,"column":null}},"18":{"start":{"line":88,"column":12},"end":{"line":88,"column":22}},"19":{"start":{"line":89,"column":12},"end":{"line":89,"column":27}},"20":{"start":{"line":90,"column":12},"end":{"line":90,"column":22}},"21":{"start":{"line":91,"column":12},"end":{"line":91,"column":22}},"22":{"start":{"line":92,"column":14},"end":{"line":92,"column":24}},"23":{"start":{"line":96,"column":8},"end":{"line":96,"column":23}},"24":{"start":{"line":97,"column":8},"end":{"line":97,"column":18}},"25":{"start":{"line":101,"column":6},"end":{"line":101,"column":21}},"26":{"start":{"line":102,"column":6},"end":{"line":102,"column":11}}},"fnMap":{"0":{"name":"(anonymous_0)","decl":{"start":{"line":39,"column":6},"end":{"line":39,"column":13}},"loc":{"start":{"line":39,"column":16},"end":{"line":41,"column":null}}},"1":{"name":"(anonymous_1)","decl":{"start":{"line":45,"column":6},"end":{"line":45,"column":13}},"loc":{"start":{"line":45,"column":16},"end":{"line":47,"column":null}}},"2":{"name":"(anonymous_2)","decl":{"start":{"line":51,"column":2},"end":{"line":51,"column":6}},"loc":{"start":{"line":51,"column":9},"end":{"line":56,"column":null}}},"3":{"name":"(anonymous_3)","decl":{"start":{"line":57,"column":2},"end":{"line":57,"column":9}},"loc":{"start":{"line":57,"column":12},"end":{"line":64,"column":null}}},"4":{"name":"(anonymous_4)","decl":{"start":{"line":65,"column":2},"end":{"line":65,"column":15}},"loc":{"start":{"line":65,"column":18},"end":{"line":69,"column":null}}},"5":{"name":"(anonymous_5)","decl":{"start":{"line":71,"column":4},"end":{"line":71,"column":15}},"loc":{"start":{"line":71,"column":36},"end":{"line":73,"column":null}}},"6":{"name":"(anonymous_6)","decl":{"start":{"line":74,"column":4},"end":{"line":74,"column":21}},"loc":{"start":{"line":74,"column":32},"end":{"line":103,"column":null}}},"7":{"name":"(anonymous_7)","decl":{"start":{"line":80,"column":35},"end":{"line":80,"column":41}},"loc":{"start":{"line":80,"column":41},"end":{"line":100,"column":9}}},"8":{"name":"(anonymous_8)","decl":{"start":{"line":86,"column":21},"end":{"line":86,"column":27}},"loc":{"start":{"line":86,"column":27},"end":{"line":94,"column":13}}},"9":{"name":"(anonymous_9)","decl":{"start":{"line":91,"column":23},"end":{"line":91,"column":29}},"loc":{"start":{"line":91,"column":29},"end":{"line":93,"column":15}}}},"branchMap":{"0":{"loc":{"start":{"line":60,"column":6},"end":{"line":62,"column":null}},"type":"if","locations":[{"start":{"line":60,"column":6},"end":{"line":62,"column":null}}]},"1":{"loc":{"start":{"line":82,"column":8},"end":{"line":95,"column":null}},"type":"if","locations":[{"start":{"line":82,"column":8},"end":{"line":95,"column":null}}]}},"s":{"0":2,"1":0,"2":0,"3":4,"4":4,"5":4,"6":11,"7":11,"8":10,"9":0,"10":0,"11":0,"12":10,"13":10,"14":2,"15":2,"16":0,"17":0,"18":0,"19":0,"20":0,"21":0,"22":0,"23":2,"24":2,"25":10,"26":10},"f":{"0":0,"1":0,"2":4,"3":4,"4":0,"5":0,"6":10,"7":2,"8":0,"9":0},"b":{"0":[10],"1":[0]}}
,"C:\\Users\\lavra.METTATON\\OneDrive\\Documents\\Programming\\rcv\\ranked-choice-voting-app\\src\\components\\ProfileImage.vue": {"path":"C:\\Users\\lavra.METTATON\\OneDrive\\Documents\\Programming\\rcv\\ranked-choice-voting-app\\src\\components\\ProfileImage.vue","statementMap":{"0":{"start":{"line":5,"column":15},"end":{"line":5,"column":null}}},"fnMap":{},"branchMap":{},"s":{"0":2},"f":{},"b":{}}
,"C:\\Users\\lavra.METTATON\\OneDrive\\Documents\\Programming\\rcv\\ranked-choice-voting-app\\src\\components\\SortableSections.vue": {"path":"C:\\Users\\lavra.METTATON\\OneDrive\\Documents\\Programming\\rcv\\ranked-choice-voting-app\\src\\components\\SortableSections.vue","statementMap":{"0":{"start":{"line":21,"column":15},"end":{"line":21,"column":null}},"1":{"start":{"line":27,"column":8},"end":{"line":27,"column":15}}},"fnMap":{"0":{"name":"(anonymous_0)","decl":{"start":{"line":26,"column":6},"end":{"line":26,"column":13}},"loc":{"start":{"line":26,"column":16},"end":{"line":28,"column":null}}}},"branchMap":{},"s":{"0":1,"1":0},"f":{"0":0},"b":{}}
,"C:\\Users\\lavra.METTATON\\OneDrive\\Documents\\Programming\\rcv\\ranked-choice-voting-app\\src\\components\\SubNav.vue": {"path":"C:\\Users\\lavra.METTATON\\OneDrive\\Documents\\Programming\\rcv\\ranked-choice-voting-app\\src\\components\\SubNav.vue","statementMap":{"0":{"start":{"line":20,"column":15},"end":{"line":20,"column":null}},"1":{"start":{"line":27,"column":8},"end":{"line":27,"column":15}},"2":{"start":{"line":30,"column":8},"end":{"line":32,"column":null}},"3":{"start":{"line":31,"column":10},"end":{"line":31,"column":17}},"4":{"start":{"line":33,"column":8},"end":{"line":37,"column":null}},"5":{"start":{"line":34,"column":10},"end":{"line":36,"column":null}},"6":{"start":{"line":35,"column":12},"end":{"line":35,"column":19}},"7":{"start":{"line":38,"column":8},"end":{"line":38,"column":15}}},"fnMap":{"0":{"name":"(anonymous_0)","decl":{"start":{"line":26,"column":6},"end":{"line":26,"column":13}},"loc":{"start":{"line":26,"column":16},"end":{"line":28,"column":null}}},"1":{"name":"(anonymous_1)","decl":{"start":{"line":29,"column":6},"end":{"line":29,"column":15}},"loc":{"start":{"line":29,"column":23},"end":{"line":39,"column":null}}}},"branchMap":{"0":{"loc":{"start":{"line":30,"column":8},"end":{"line":32,"column":null}},"type":"if","locations":[{"start":{"line":30,"column":8},"end":{"line":32,"column":null}}]},"1":{"loc":{"start":{"line":34,"column":10},"end":{"line":36,"column":null}},"type":"if","locations":[{"start":{"line":34,"column":10},"end":{"line":36,"column":null}}]},"2":{"loc":{"start":{"line":34,"column":14},"end":{"line":34,"column":31}},"type":"binary-expr","locations":[{"start":{"line":34,"column":14},"end":{"line":34,"column":29}},{"start":{"line":34,"column":29},"end":{"line":34,"column":31}}]},"3":{"loc":{"start":{"line":34,"column":31},"end":{"line":34,"column":58}},"type":"binary-expr","locations":[{"start":{"line":34,"column":31},"end":{"line":34,"column":44}},{"start":{"line":34,"column":44},"end":{"line":34,"column":58}}]}},"s":{"0":3,"1":0,"2":3,"3":0,"4":3,"5":2,"6":0,"7":3},"f":{"0":0,"1":3},"b":{"0":[0],"1":[0],"2":[2,2],"3":[2,0]}}
}
