TN:
SF:src\components\ActionButton.vue
FN:17,(anonymous_0)
FN:28,(anonymous_1)
FN:34,(anonymous_2)
FN:41,(anonymous_3)
FNF:4
FNH:3
FNDA:0,(anonymous_0)
FNDA:4,(anonymous_1)
FNDA:4,(anonymous_2)
FNDA:1,(anonymous_3)
DA:7,2
DA:18,0
DA:29,4
DA:35,4
DA:42,1
LF:5
LH:4
BRF:0
BRH:0
end_of_record
TN:
SF:src\components\FlashySpotlight.vue
FN:39,(anonymous_0)
FN:45,(anonymous_1)
FN:51,(anonymous_2)
FN:57,(anonymous_3)
FN:65,(anonymous_4)
FN:71,(anonymous_5)
FN:74,(anonymous_6)
FN:80,(anonymous_7)
FN:86,(anonymous_8)
FN:91,(anonymous_9)
FNF:10
FNH:4
FNDA:0,(anonymous_0)
FNDA:0,(anonymous_1)
FNDA:4,(anonymous_2)
FNDA:4,(anonymous_3)
FNDA:0,(anonymous_4)
FNDA:0,(anonymous_5)
FNDA:10,(anonymous_6)
FNDA:2,(anonymous_7)
FNDA:0,(anonymous_8)
FNDA:0,(anonymous_9)
DA:34,2
DA:40,0
DA:46,0
DA:52,4
DA:58,4
DA:59,11
DA:60,11
DA:61,10
DA:66,0
DA:67,0
DA:72,0
DA:75,10
DA:80,10
DA:81,2
DA:82,2
DA:86,0
DA:87,0
DA:88,0
DA:89,0
DA:90,0
DA:91,0
DA:92,0
DA:96,2
DA:97,2
DA:101,10
DA:102,10
LF:26
LH:14
BRDA:60,0,0,10
BRDA:82,1,0,0
BRF:2
BRH:1
end_of_record
TN:
SF:src\components\ProfileImage.vue
FNF:0
FNH:0
DA:5,2
LF:1
LH:1
BRF:0
BRH:0
end_of_record
TN:
SF:src\components\SortableSections.vue
FN:26,(anonymous_0)
FNF:1
FNH:0
FNDA:0,(anonymous_0)
DA:21,1
DA:27,0
LF:2
LH:1
BRF:0
BRH:0
end_of_record
TN:
SF:src\components\SubNav.vue
FN:26,(anonymous_0)
FN:29,(anonymous_1)
FNF:2
FNH:1
FNDA:0,(anonymous_0)
FNDA:3,(anonymous_1)
DA:20,3
DA:27,0
DA:30,3
DA:31,0
DA:33,3
DA:34,2
DA:35,0
DA:38,3
LF:8
LH:5
BRDA:30,0,0,0
BRDA:34,1,0,0
BRDA:34,2,0,2
BRDA:34,2,1,2
BRDA:34,3,0,2
BRDA:34,3,1,0
BRF:6
BRH:3
end_of_record
