TN:
SF:src\components\electionSearch\ElectionHighlight.vue
FN:36,(anonymous_0)
FNF:1
FNH:1
FNDA:4,(anonymous_0)
DA:27,1
DA:37,4
LF:2
LH:2
BRDA:37,0,0,4
BRDA:37,0,1,3
BRF:2
BRH:2
end_of_record
TN:
SF:src\components\section\FlashySpotlight.vue
FN:44,(anonymous_0)
FN:50,(anonymous_1)
FN:61,(anonymous_2)
FN:67,(anonymous_3)
FN:75,(anonymous_4)
FN:81,(anonymous_5)
FN:84,(anonymous_6)
FN:90,(anonymous_7)
FN:96,(anonymous_8)
FN:101,(anonymous_9)
FNF:10
FNH:6
FNDA:0,(anonymous_0)
FNDA:1,(anonymous_1)
FNDA:13,(anonymous_2)
FNDA:13,(anonymous_3)
FNDA:5,(anonymous_4)
FNDA:0,(anonymous_5)
FNDA:18,(anonymous_6)
FNDA:4,(anonymous_7)
FNDA:0,(anonymous_8)
FNDA:0,(anonymous_9)
DA:39,2
DA:45,0
DA:51,1
DA:62,13
DA:68,13
DA:69,26
DA:70,26
DA:71,18
DA:76,5
DA:77,6
DA:82,0
DA:85,18
DA:90,18
DA:91,4
DA:92,4
DA:96,0
DA:97,0
DA:98,0
DA:99,0
DA:100,0
DA:101,0
DA:102,0
DA:106,4
DA:107,4
DA:111,18
DA:112,18
LF:26
LH:17
BRDA:70,0,0,18
BRDA:92,1,0,0
BRF:2
BRH:1
end_of_record
TN:
SF:src\components\section\SortableSections.vue
FN:26,(anonymous_0)
FNF:1
FNH:0
FNDA:0,(anonymous_0)
DA:21,1
DA:27,0
LF:2
LH:1
BRF:0
BRH:0
end_of_record
TN:
SF:src\components\ui\ActionButton.vue
FN:17,(anonymous_0)
FN:28,(anonymous_1)
FN:34,(anonymous_2)
FN:41,(anonymous_3)
FNF:4
FNH:3
FNDA:0,(anonymous_0)
FNDA:10,(anonymous_1)
FNDA:10,(anonymous_2)
FNDA:6,(anonymous_3)
DA:7,3
DA:18,0
DA:29,10
DA:35,10
DA:42,6
LF:5
LH:4
BRF:0
BRH:0
end_of_record
TN:
SF:src\components\ui\ProfileImage.vue
FNF:0
FNH:0
DA:5,2
LF:1
LH:1
BRF:0
BRH:0
end_of_record
TN:
SF:src\components\ui\SubNav.vue
FN:28,(anonymous_0)
FN:31,(anonymous_1)
FNF:2
FNH:1
FNDA:0,(anonymous_0)
FNDA:6,(anonymous_1)
DA:22,3
DA:29,0
DA:32,6
DA:33,0
DA:35,6
DA:36,2
DA:37,0
DA:40,6
LF:8
LH:5
BRDA:32,0,0,0
BRDA:36,1,0,0
BRDA:36,2,0,2
BRDA:36,2,1,2
BRDA:36,3,0,2
BRDA:36,3,1,0
BRF:6
BRH:3
end_of_record
TN:
SF:src\router\index.js
FN:7,(anonymous_0)
FN:15,(anonymous_1)
FN:21,(anonymous_2)
FN:27,(anonymous_3)
FN:33,(anonymous_4)
FN:41,(anonymous_5)
FN:49,(anonymous_6)
FN:57,(anonymous_7)
FN:65,(anonymous_8)
FN:73,(anonymous_9)
FN:81,(anonymous_10)
FNF:11
FNH:1
FNDA:1,(anonymous_0)
FNDA:0,(anonymous_1)
FNDA:0,(anonymous_2)
FNDA:0,(anonymous_3)
FNDA:0,(anonymous_4)
FNDA:0,(anonymous_5)
FNDA:0,(anonymous_6)
FNDA:0,(anonymous_7)
FNDA:0,(anonymous_8)
FNDA:0,(anonymous_9)
FNDA:0,(anonymous_10)
DA:3,1
DA:7,1
DA:16,0
DA:22,0
DA:28,0
DA:34,0
DA:42,0
DA:50,0
DA:58,0
DA:66,0
DA:74,0
DA:82,0
DA:88,1
LF:13
LH:3
BRF:0
BRH:0
end_of_record
